<?xml version="1.0" encoding="UTF-8"?>
<testng-results skipped="0" failed="0" total="3" passed="3">
  <reporter-output>
  </reporter-output>
  <suite name="SearchTest" duration-ms="37569" started-at="2016-05-04T14:03:34Z" finished-at="2016-05-04T14:04:12Z">
    <groups>
    </groups>
    <test name="Command line test" duration-ms="37569" started-at="2016-05-04T14:03:34Z" finished-at="2016-05-04T14:04:12Z">
      <class name="SearchTest">
        <test-method status="PASS" signature="setUp()[pri:0, instance:SearchTest@67b64c45]" name="setUp" is-config="true" duration-ms="4163" started-at="2016-05-04T20:03:34Z" finished-at="2016-05-04T20:03:38Z">
          <reporter-output>
          </reporter-output>
        </test-method> <!-- setUp -->
        <test-method status="PASS" signature="searchByProcessor(java.lang.String)[pri:0, instance:SearchTest@67b64c45]" name="searchByProcessor" duration-ms="12833" started-at="2016-05-04T20:03:38Z" data-provider="testData" finished-at="2016-05-04T20:03:51Z">
          <params>
            <param index="0">
              <value>
                <![CDATA[Celeron]]>
              </value>
            </param>
          </params>
          <reporter-output>
          </reporter-output>
        </test-method> <!-- searchByProcessor -->
        <test-method status="PASS" signature="searchByProcessor(java.lang.String)[pri:0, instance:SearchTest@67b64c45]" name="searchByProcessor" duration-ms="9508" started-at="2016-05-04T20:03:51Z" data-provider="testData" finished-at="2016-05-04T20:04:01Z">
          <params>
            <param index="0">
              <value>
                <![CDATA[A10]]>
              </value>
            </param>
          </params>
          <reporter-output>
          </reporter-output>
        </test-method> <!-- searchByProcessor -->
        <test-method status="PASS" signature="searchByProcessor(java.lang.String)[pri:0, instance:SearchTest@67b64c45]" name="searchByProcessor" duration-ms="10427" started-at="2016-05-04T20:04:01Z" data-provider="testData" finished-at="2016-05-04T20:04:11Z">
          <params>
            <param index="0">
              <value>
                <![CDATA[Xeon]]>
              </value>
            </param>
          </params>
          <reporter-output>
          </reporter-output>
        </test-method> <!-- searchByProcessor -->
        <test-method status="PASS" signature="tearDown()[pri:0, instance:SearchTest@67b64c45]" name="tearDown" is-config="true" duration-ms="622" started-at="2016-05-04T20:04:11Z" finished-at="2016-05-04T20:04:12Z">
          <reporter-output>
          </reporter-output>
        </test-method> <!-- tearDown -->
      </class> <!-- SearchTest -->
    </test> <!-- Command line test -->
  </suite> <!-- SearchTest -->
</testng-results>
